# JRE version: Java(TM) SE Runtime Environment (8.0_141-b15) (build 1.8.0_141-b15)
# Java VM: Java HotSpot(TM) 64-Bit Server VM (25.141-b15 mixed mode bsd-amd64 compressed oops)
Heap:
 PSYoungGen      total 216064K, used 99840K [0x00000007aab00000, 0x00000007bf300000, 0x00000007c0000000)
  eden space 99840K, 100% used [0x00000007aab00000,0x00000007b0c80000,0x00000007b0c80000)
  from space 116224K, 0% used [0x00000007b7e00000,0x00000007b7e00000,0x00000007bef80000)
  to   space 116224K, 0% used [0x00000007b0c80000,0x00000007b0c80000,0x00000007b7e00000)
 ParOldGen       total 699392K, used 699350K [0x0000000780000000, 0x00000007aab00000, 0x00000007aab00000)
  object space 699392K, 99% used [0x0000000780000000,0x00000007aaaf5938,0x00000007aab00000)
 Metaspace       used 6052K, capacity 6122K, committed 6400K, reserved 1056768K
  class space    used 678K, capacity 721K, committed 768K, reserved 1048576K
GC Heap History (10 events):
Event: 773.728 GC heap after
Heap after GC invocations=49 (full 35):
 PSYoungGen      total 216064K, used 99840K [0x00000007aab00000, 0x00000007bf300000, 0x00000007c0000000)
  eden space 99840K, 100% used [0x00000007aab00000,0x00000007b0c80000,0x00000007b0c80000)
  from space 116224K, 0% used [0x00000007b7e00000,0x00000007b7e00000,0x00000007bef80000)
  to   space 116224K, 0% used [0x00000007b0c80000,0x00000007b0c80000,0x00000007b7e00000)
 ParOldGen       total 699392K, used 699340K [0x0000000780000000, 0x00000007aab00000, 0x00000007aab00000)
  object space 699392K, 99% used [0x0000000780000000,0x00000007aaaf3138,0x00000007aab00000)
 Metaspace       used 6052K, capacity 6122K, committed 6400K, reserved 1056768K
  class space    used 678K, capacity 721K, committed 768K, reserved 1048576K
}
Event: 773.728 GC heap before
{Heap before GC invocations=50 (full 36):
 PSYoungGen      total 216064K, used 99840K [0x00000007aab00000, 0x00000007bf300000, 0x00000007c0000000)
  eden space 99840K, 100% used [0x00000007aab00000,0x00000007b0c80000,0x00000007b0c80000)
  from space 116224K, 0% used [0x00000007b7e00000,0x00000007b7e00000,0x00000007bef80000)
  to   space 116224K, 0% used [0x00000007b0c80000,0x00000007b0c80000,0x00000007b7e00000)
 ParOldGen       total 699392K, used 699342K [0x0000000780000000, 0x00000007aab00000, 0x00000007aab00000)
  object space 699392K, 99% used [0x0000000780000000,0x00000007aaaf3938,0x00000007aab00000)
 Metaspace       used 6052K, capacity 6122K, committed 6400K, reserved 1056768K
  class space    used 678K, capacity 721K, committed 768K, reserved 1048576K
Event: 783.821 GC heap after
Heap after GC invocations=50 (full 36):
 PSYoungGen      total 216064K, used 99840K [0x00000007aab00000, 0x00000007bf300000, 0x00000007c0000000)
  eden space 99840K, 100% used [0x00000007aab00000,0x00000007b0c80000,0x00000007b0c80000)
  from space 116224K, 0% used [0x00000007b7e00000,0x00000007b7e00000,0x00000007bef80000)
  to   space 116224K, 0% used [0x00000007b0c80000,0x00000007b0c80000,0x00000007b7e00000)
 ParOldGen       total 699392K, used 699342K [0x0000000780000000, 0x00000007aab00000, 0x00000007aab00000)
  object space 699392K, 99% used [0x0000000780000000,0x00000007aaaf3938,0x00000007aab00000)
 Metaspace       used 6052K, capacity 6122K, committed 6400K, reserved 1056768K
  class space    used 678K, capacity 721K, committed 768K, reserved 1048576K
}
Event: 783.826 GC heap before
{Heap before GC invocations=51 (full 37):
 PSYoungGen      total 216064K, used 99840K [0x00000007aab00000, 0x00000007bf300000, 0x00000007c0000000)
  eden space 99840K, 100% used [0x00000007aab00000,0x00000007b0c80000,0x00000007b0c80000)
  from space 116224K, 0% used [0x00000007b7e00000,0x00000007b7e00000,0x00000007bef80000)
  to   space 116224K, 0% used [0x00000007b0c80000,0x00000007b0c80000,0x00000007b7e00000)
 ParOldGen       total 699392K, used 699344K [0x0000000780000000, 0x00000007aab00000, 0x00000007aab00000)
  object space 699392K, 99% used [0x0000000780000000,0x00000007aaaf4138,0x00000007aab00000)
 Metaspace       used 6052K, capacity 6122K, committed 6400K, reserved 1056768K
  class space    used 678K, capacity 721K, committed 768K, reserved 1048576K
Event: 795.116 GC heap after
Heap after GC invocations=51 (full 37):
 PSYoungGen      total 216064K, used 99840K [0x00000007aab00000, 0x00000007bf300000, 0x00000007c0000000)
  eden space 99840K, 100% used [0x00000007aab00000,0x00000007b0c80000,0x00000007b0c80000)
  from space 116224K, 0% used [0x00000007b7e00000,0x00000007b7e00000,0x00000007bef80000)
  to   space 116224K, 0% used [0x00000007b0c80000,0x00000007b0c80000,0x00000007b7e00000)
 ParOldGen       total 699392K, used 699344K [0x0000000780000000, 0x00000007aab00000, 0x00000007aab00000)
  object space 699392K, 99% used [0x0000000780000000,0x00000007aaaf4138,0x00000007aab00000)
 Metaspace       used 6052K, capacity 6122K, committed 6400K, reserved 1056768K
  class space    used 678K, capacity 721K, committed 768K, reserved 1048576K
}
Event: 795.116 GC heap before
{Heap before GC invocations=52 (full 38):
 PSYoungGen      total 216064K, used 99840K [0x00000007aab00000, 0x00000007bf300000, 0x00000007c0000000)
  eden space 99840K, 100% used [0x00000007aab00000,0x00000007b0c80000,0x00000007b0c80000)
  from space 116224K, 0% used [0x00000007b7e00000,0x00000007b7e00000,0x00000007bef80000)
  to   space 116224K, 0% used [0x00000007b0c80000,0x00000007b0c80000,0x00000007b7e00000)
 ParOldGen       total 699392K, used 699346K [0x0000000780000000, 0x00000007aab00000, 0x00000007aab00000)
  object space 699392K, 99% used [0x0000000780000000,0x00000007aaaf4938,0x00000007aab00000)
 Metaspace       used 6052K, capacity 6122K, committed 6400K, reserved 1056768K
  class space    used 678K, capacity 721K, committed 768K, reserved 1048576K
Event: 804.506 GC heap after
Heap after GC invocations=52 (full 38):
 PSYoungGen      total 216064K, used 99840K [0x00000007aab00000, 0x00000007bf300000, 0x00000007c0000000)
  eden space 99840K, 100% used [0x00000007aab00000,0x00000007b0c80000,0x00000007b0c80000)
  from space 116224K, 0% used [0x00000007b7e00000,0x00000007b7e00000,0x00000007bef80000)
  to   space 116224K, 0% used [0x00000007b0c80000,0x00000007b0c80000,0x00000007b7e00000)
 ParOldGen       total 699392K, used 699346K [0x0000000780000000, 0x00000007aab00000, 0x00000007aab00000)
  object space 699392K, 99% used [0x0000000780000000,0x00000007aaaf4938,0x00000007aab00000)
 Metaspace       used 6052K, capacity 6122K, committed 6400K, reserved 1056768K
  class space    used 678K, capacity 721K, committed 768K, reserved 1048576K
}
Event: 804.509 GC heap before
{Heap before GC invocations=53 (full 39):
 PSYoungGen      total 216064K, used 99840K [0x00000007aab00000, 0x00000007bf300000, 0x00000007c0000000)
  eden space 99840K, 100% used [0x00000007aab00000,0x00000007b0c80000,0x00000007b0c80000)
  from space 116224K, 0% used [0x00000007b7e00000,0x00000007b7e00000,0x00000007bef80000)
  to   space 116224K, 0% used [0x00000007b0c80000,0x00000007b0c80000,0x00000007b7e00000)
 ParOldGen       total 699392K, used 699348K [0x0000000780000000, 0x00000007aab00000, 0x00000007aab00000)
  object space 699392K, 99% used [0x0000000780000000,0x00000007aaaf5138,0x00000007aab00000)
 Metaspace       used 6052K, capacity 6122K, committed 6400K, reserved 1056768K
  class space    used 678K, capacity 721K, committed 768K, reserved 1048576K
Event: 817.499 GC heap after
Heap after GC invocations=53 (full 39):
 PSYoungGen      total 216064K, used 99840K [0x00000007aab00000, 0x00000007bf300000, 0x00000007c0000000)
  eden space 99840K, 100% used [0x00000007aab00000,0x00000007b0c80000,0x00000007b0c80000)
  from space 116224K, 0% used [0x00000007b7e00000,0x00000007b7e00000,0x00000007bef80000)
  to   space 116224K, 0% used [0x00000007b0c80000,0x00000007b0c80000,0x00000007b7e00000)
 ParOldGen       total 699392K, used 699348K [0x0000000780000000, 0x00000007aab00000, 0x00000007aab00000)
  object space 699392K, 99% used [0x0000000780000000,0x00000007aaaf5138,0x00000007aab00000)
 Metaspace       used 6052K, capacity 6122K, committed 6400K, reserved 1056768K
  class space    used 678K, capacity 721K, committed 768K, reserved 1048576K
}
Event: 817.500 GC heap before
{Heap before GC invocations=54 (full 40):
 PSYoungGen      total 216064K, used 99840K [0x00000007aab00000, 0x00000007bf300000, 0x00000007c0000000)
  eden space 99840K, 100% used [0x00000007aab00000,0x00000007b0c80000,0x00000007b0c80000)
  from space 116224K, 0% used [0x00000007b7e00000,0x00000007b7e00000,0x00000007bef80000)
  to   space 116224K, 0% used [0x00000007b0c80000,0x00000007b0c80000,0x00000007b7e00000)
 ParOldGen       total 699392K, used 699350K [0x0000000780000000, 0x00000007aab00000, 0x00000007aab00000)
  object space 699392K, 99% used [0x0000000780000000,0x00000007aaaf5938,0x00000007aab00000)
 Metaspace       used 6052K, capacity 6122K, committed 6400K, reserved 1056768K
  class space    used 678K, capacity 721K, committed 768K, reserved 1048576K

