# JRE version: Java(TM) SE Runtime Environment (8.0_141-b15) (build 1.8.0_141-b15)
# Java VM: Java HotSpot(TM) 64-Bit Server VM (25.141-b15 mixed mode bsd-amd64 compressed oops)
Heap:
 PSYoungGen      total 201216K, used 84992K [0x00000007aab00000, 0x00000007c0000000, 0x00000007c0000000)
  eden space 84992K, 100% used [0x00000007aab00000,0x00000007afe00000,0x00000007afe00000)
  from space 116224K, 0% used [0x00000007afe00000,0x00000007afe00000,0x00000007b6f80000)
  to   space 116224K, 0% used [0x00000007b8e80000,0x00000007b8e80000,0x00000007c0000000)
 ParOldGen       total 699392K, used 699223K [0x0000000780000000, 0x00000007aab00000, 0x00000007aab00000)
  object space 699392K, 99% used [0x0000000780000000,0x00000007aaad5d70,0x00000007aab00000)
 Metaspace       used 6049K, capacity 6122K, committed 6400K, reserved 1056768K
  class space    used 678K, capacity 721K, committed 768K, reserved 1048576K
GC Heap History (10 events):
Event: 519.979 GC heap after
Heap after GC invocations=44 (full 29):
 PSYoungGen      total 201216K, used 84992K [0x00000007aab00000, 0x00000007c0000000, 0x00000007c0000000)
  eden space 84992K, 100% used [0x00000007aab00000,0x00000007afe00000,0x00000007afe00000)
  from space 116224K, 0% used [0x00000007afe00000,0x00000007afe00000,0x00000007b6f80000)
  to   space 116224K, 0% used [0x00000007b8e80000,0x00000007b8e80000,0x00000007c0000000)
 ParOldGen       total 699392K, used 699213K [0x0000000780000000, 0x00000007aab00000, 0x00000007aab00000)
  object space 699392K, 99% used [0x0000000780000000,0x00000007aaad3570,0x00000007aab00000)
 Metaspace       used 6049K, capacity 6122K, committed 6400K, reserved 1056768K
  class space    used 678K, capacity 721K, committed 768K, reserved 1048576K
}
Event: 519.980 GC heap before
{Heap before GC invocations=45 (full 30):
 PSYoungGen      total 201216K, used 84992K [0x00000007aab00000, 0x00000007c0000000, 0x00000007c0000000)
  eden space 84992K, 100% used [0x00000007aab00000,0x00000007afe00000,0x00000007afe00000)
  from space 116224K, 0% used [0x00000007afe00000,0x00000007afe00000,0x00000007b6f80000)
  to   space 116224K, 0% used [0x00000007b8e80000,0x00000007b8e80000,0x00000007c0000000)
 ParOldGen       total 699392K, used 699215K [0x0000000780000000, 0x00000007aab00000, 0x00000007aab00000)
  object space 699392K, 99% used [0x0000000780000000,0x00000007aaad3d70,0x00000007aab00000)
 Metaspace       used 6049K, capacity 6122K, committed 6400K, reserved 1056768K
  class space    used 678K, capacity 721K, committed 768K, reserved 1048576K
Event: 535.647 GC heap after
Heap after GC invocations=45 (full 30):
 PSYoungGen      total 201216K, used 84992K [0x00000007aab00000, 0x00000007c0000000, 0x00000007c0000000)
  eden space 84992K, 100% used [0x00000007aab00000,0x00000007afe00000,0x00000007afe00000)
  from space 116224K, 0% used [0x00000007afe00000,0x00000007afe00000,0x00000007b6f80000)
  to   space 116224K, 0% used [0x00000007b8e80000,0x00000007b8e80000,0x00000007c0000000)
 ParOldGen       total 699392K, used 699215K [0x0000000780000000, 0x00000007aab00000, 0x00000007aab00000)
  object space 699392K, 99% used [0x0000000780000000,0x00000007aaad3d70,0x00000007aab00000)
 Metaspace       used 6049K, capacity 6122K, committed 6400K, reserved 1056768K
  class space    used 678K, capacity 721K, committed 768K, reserved 1048576K
}
Event: 535.648 GC heap before
{Heap before GC invocations=46 (full 31):
 PSYoungGen      total 201216K, used 84992K [0x00000007aab00000, 0x00000007c0000000, 0x00000007c0000000)
  eden space 84992K, 100% used [0x00000007aab00000,0x00000007afe00000,0x00000007afe00000)
  from space 116224K, 0% used [0x00000007afe00000,0x00000007afe00000,0x00000007b6f80000)
  to   space 116224K, 0% used [0x00000007b8e80000,0x00000007b8e80000,0x00000007c0000000)
 ParOldGen       total 699392K, used 699217K [0x0000000780000000, 0x00000007aab00000, 0x00000007aab00000)
  object space 699392K, 99% used [0x0000000780000000,0x00000007aaad4570,0x00000007aab00000)
 Metaspace       used 6049K, capacity 6122K, committed 6400K, reserved 1056768K
  class space    used 678K, capacity 721K, committed 768K, reserved 1048576K
Event: 554.133 GC heap after
Heap after GC invocations=46 (full 31):
 PSYoungGen      total 201216K, used 84992K [0x00000007aab00000, 0x00000007c0000000, 0x00000007c0000000)
  eden space 84992K, 100% used [0x00000007aab00000,0x00000007afe00000,0x00000007afe00000)
  from space 116224K, 0% used [0x00000007afe00000,0x00000007afe00000,0x00000007b6f80000)
  to   space 116224K, 0% used [0x00000007b8e80000,0x00000007b8e80000,0x00000007c0000000)
 ParOldGen       total 699392K, used 699217K [0x0000000780000000, 0x00000007aab00000, 0x00000007aab00000)
  object space 699392K, 99% used [0x0000000780000000,0x00000007aaad4570,0x00000007aab00000)
 Metaspace       used 6049K, capacity 6122K, committed 6400K, reserved 1056768K
  class space    used 678K, capacity 721K, committed 768K, reserved 1048576K
}
Event: 554.134 GC heap before
{Heap before GC invocations=47 (full 32):
 PSYoungGen      total 201216K, used 84992K [0x00000007aab00000, 0x00000007c0000000, 0x00000007c0000000)
  eden space 84992K, 100% used [0x00000007aab00000,0x00000007afe00000,0x00000007afe00000)
  from space 116224K, 0% used [0x00000007afe00000,0x00000007afe00000,0x00000007b6f80000)
  to   space 116224K, 0% used [0x00000007b8e80000,0x00000007b8e80000,0x00000007c0000000)
 ParOldGen       total 699392K, used 699219K [0x0000000780000000, 0x00000007aab00000, 0x00000007aab00000)
  object space 699392K, 99% used [0x0000000780000000,0x00000007aaad4d70,0x00000007aab00000)
 Metaspace       used 6049K, capacity 6122K, committed 6400K, reserved 1056768K
  class space    used 678K, capacity 721K, committed 768K, reserved 1048576K
Event: 571.489 GC heap after
Heap after GC invocations=47 (full 32):
 PSYoungGen      total 201216K, used 84992K [0x00000007aab00000, 0x00000007c0000000, 0x00000007c0000000)
  eden space 84992K, 100% used [0x00000007aab00000,0x00000007afe00000,0x00000007afe00000)
  from space 116224K, 0% used [0x00000007afe00000,0x00000007afe00000,0x00000007b6f80000)
  to   space 116224K, 0% used [0x00000007b8e80000,0x00000007b8e80000,0x00000007c0000000)
 ParOldGen       total 699392K, used 699219K [0x0000000780000000, 0x00000007aab00000, 0x00000007aab00000)
  object space 699392K, 99% used [0x0000000780000000,0x00000007aaad4d70,0x00000007aab00000)
 Metaspace       used 6049K, capacity 6122K, committed 6400K, reserved 1056768K
  class space    used 678K, capacity 721K, committed 768K, reserved 1048576K
}
Event: 571.493 GC heap before
{Heap before GC invocations=48 (full 33):
 PSYoungGen      total 201216K, used 84992K [0x00000007aab00000, 0x00000007c0000000, 0x00000007c0000000)
  eden space 84992K, 100% used [0x00000007aab00000,0x00000007afe00000,0x00000007afe00000)
  from space 116224K, 0% used [0x00000007afe00000,0x00000007afe00000,0x00000007b6f80000)
  to   space 116224K, 0% used [0x00000007b8e80000,0x00000007b8e80000,0x00000007c0000000)
 ParOldGen       total 699392K, used 699221K [0x0000000780000000, 0x00000007aab00000, 0x00000007aab00000)
  object space 699392K, 99% used [0x0000000780000000,0x00000007aaad5570,0x00000007aab00000)
 Metaspace       used 6049K, capacity 6122K, committed 6400K, reserved 1056768K
  class space    used 678K, capacity 721K, committed 768K, reserved 1048576K
Event: 588.923 GC heap after
Heap after GC invocations=48 (full 33):
 PSYoungGen      total 201216K, used 84992K [0x00000007aab00000, 0x00000007c0000000, 0x00000007c0000000)
  eden space 84992K, 100% used [0x00000007aab00000,0x00000007afe00000,0x00000007afe00000)
  from space 116224K, 0% used [0x00000007afe00000,0x00000007afe00000,0x00000007b6f80000)
  to   space 116224K, 0% used [0x00000007b8e80000,0x00000007b8e80000,0x00000007c0000000)
 ParOldGen       total 699392K, used 699221K [0x0000000780000000, 0x00000007aab00000, 0x00000007aab00000)
  object space 699392K, 99% used [0x0000000780000000,0x00000007aaad5570,0x00000007aab00000)
 Metaspace       used 6049K, capacity 6122K, committed 6400K, reserved 1056768K
  class space    used 678K, capacity 721K, committed 768K, reserved 1048576K
}
Event: 588.924 GC heap before
{Heap before GC invocations=49 (full 34):
 PSYoungGen      total 201216K, used 84992K [0x00000007aab00000, 0x00000007c0000000, 0x00000007c0000000)
  eden space 84992K, 100% used [0x00000007aab00000,0x00000007afe00000,0x00000007afe00000)
  from space 116224K, 0% used [0x00000007afe00000,0x00000007afe00000,0x00000007b6f80000)
  to   space 116224K, 0% used [0x00000007b8e80000,0x00000007b8e80000,0x00000007c0000000)
 ParOldGen       total 699392K, used 699223K [0x0000000780000000, 0x00000007aab00000, 0x00000007aab00000)
  object space 699392K, 99% used [0x0000000780000000,0x00000007aaad5d70,0x00000007aab00000)
 Metaspace       used 6049K, capacity 6122K, committed 6400K, reserved 1056768K
  class space    used 678K, capacity 721K, committed 768K, reserved 1048576K

