# JRE version: Java(TM) SE Runtime Environment (8.0_141-b15) (build 1.8.0_141-b15)
# Java VM: Java HotSpot(TM) 64-Bit Server VM (25.141-b15 mixed mode bsd-amd64 compressed oops)
Heap:
 PSYoungGen      total 208384K, used 92160K [0x00000007aab00000, 0x00000007beb00000, 0x00000007c0000000)
  eden space 92160K, 100% used [0x00000007aab00000,0x00000007b0500000,0x00000007b0500000)
  from space 116224K, 0% used [0x00000007b7680000,0x00000007b7680000,0x00000007be800000)
  to   space 116224K, 0% used [0x00000007b0500000,0x00000007b0500000,0x00000007b7680000)
 ParOldGen       total 699392K, used 699205K [0x0000000780000000, 0x00000007aab00000, 0x00000007aab00000)
  object space 699392K, 99% used [0x0000000780000000,0x00000007aaad1460,0x00000007aab00000)
 Metaspace       used 6051K, capacity 6122K, committed 6400K, reserved 1056768K
  class space    used 678K, capacity 721K, committed 768K, reserved 1048576K
GC Heap History (10 events):
Event: 458.121 GC heap after
Heap after GC invocations=43 (full 29):
 PSYoungGen      total 208384K, used 92160K [0x00000007aab00000, 0x00000007beb00000, 0x00000007c0000000)
  eden space 92160K, 100% used [0x00000007aab00000,0x00000007b0500000,0x00000007b0500000)
  from space 116224K, 0% used [0x00000007b7680000,0x00000007b7680000,0x00000007be800000)
  to   space 116224K, 0% used [0x00000007b0500000,0x00000007b0500000,0x00000007b7680000)
 ParOldGen       total 699392K, used 699195K [0x0000000780000000, 0x00000007aab00000, 0x00000007aab00000)
  object space 699392K, 99% used [0x0000000780000000,0x00000007aaacec60,0x00000007aab00000)
 Metaspace       used 6051K, capacity 6122K, committed 6400K, reserved 1056768K
  class space    used 678K, capacity 721K, committed 768K, reserved 1048576K
}
Event: 458.122 GC heap before
{Heap before GC invocations=44 (full 30):
 PSYoungGen      total 208384K, used 92160K [0x00000007aab00000, 0x00000007beb00000, 0x00000007c0000000)
  eden space 92160K, 100% used [0x00000007aab00000,0x00000007b0500000,0x00000007b0500000)
  from space 116224K, 0% used [0x00000007b7680000,0x00000007b7680000,0x00000007be800000)
  to   space 116224K, 0% used [0x00000007b0500000,0x00000007b0500000,0x00000007b7680000)
 ParOldGen       total 699392K, used 699197K [0x0000000780000000, 0x00000007aab00000, 0x00000007aab00000)
  object space 699392K, 99% used [0x0000000780000000,0x00000007aaacf460,0x00000007aab00000)
 Metaspace       used 6051K, capacity 6122K, committed 6400K, reserved 1056768K
  class space    used 678K, capacity 721K, committed 768K, reserved 1048576K
Event: 478.852 GC heap after
Heap after GC invocations=44 (full 30):
 PSYoungGen      total 208384K, used 92160K [0x00000007aab00000, 0x00000007beb00000, 0x00000007c0000000)
  eden space 92160K, 100% used [0x00000007aab00000,0x00000007b0500000,0x00000007b0500000)
  from space 116224K, 0% used [0x00000007b7680000,0x00000007b7680000,0x00000007be800000)
  to   space 116224K, 0% used [0x00000007b0500000,0x00000007b0500000,0x00000007b7680000)
 ParOldGen       total 699392K, used 699197K [0x0000000780000000, 0x00000007aab00000, 0x00000007aab00000)
  object space 699392K, 99% used [0x0000000780000000,0x00000007aaacf460,0x00000007aab00000)
 Metaspace       used 6051K, capacity 6122K, committed 6400K, reserved 1056768K
  class space    used 678K, capacity 721K, committed 768K, reserved 1048576K
}
Event: 478.853 GC heap before
{Heap before GC invocations=45 (full 31):
 PSYoungGen      total 208384K, used 92160K [0x00000007aab00000, 0x00000007beb00000, 0x00000007c0000000)
  eden space 92160K, 100% used [0x00000007aab00000,0x00000007b0500000,0x00000007b0500000)
  from space 116224K, 0% used [0x00000007b7680000,0x00000007b7680000,0x00000007be800000)
  to   space 116224K, 0% used [0x00000007b0500000,0x00000007b0500000,0x00000007b7680000)
 ParOldGen       total 699392K, used 699199K [0x0000000780000000, 0x00000007aab00000, 0x00000007aab00000)
  object space 699392K, 99% used [0x0000000780000000,0x00000007aaacfc60,0x00000007aab00000)
 Metaspace       used 6051K, capacity 6122K, committed 6400K, reserved 1056768K
  class space    used 678K, capacity 721K, committed 768K, reserved 1048576K
Event: 499.220 GC heap after
Heap after GC invocations=45 (full 31):
 PSYoungGen      total 208384K, used 92160K [0x00000007aab00000, 0x00000007beb00000, 0x00000007c0000000)
  eden space 92160K, 100% used [0x00000007aab00000,0x00000007b0500000,0x00000007b0500000)
  from space 116224K, 0% used [0x00000007b7680000,0x00000007b7680000,0x00000007be800000)
  to   space 116224K, 0% used [0x00000007b0500000,0x00000007b0500000,0x00000007b7680000)
 ParOldGen       total 699392K, used 699199K [0x0000000780000000, 0x00000007aab00000, 0x00000007aab00000)
  object space 699392K, 99% used [0x0000000780000000,0x00000007aaacfc60,0x00000007aab00000)
 Metaspace       used 6051K, capacity 6122K, committed 6400K, reserved 1056768K
  class space    used 678K, capacity 721K, committed 768K, reserved 1048576K
}
Event: 499.224 GC heap before
{Heap before GC invocations=46 (full 32):
 PSYoungGen      total 208384K, used 92160K [0x00000007aab00000, 0x00000007beb00000, 0x00000007c0000000)
  eden space 92160K, 100% used [0x00000007aab00000,0x00000007b0500000,0x00000007b0500000)
  from space 116224K, 0% used [0x00000007b7680000,0x00000007b7680000,0x00000007be800000)
  to   space 116224K, 0% used [0x00000007b0500000,0x00000007b0500000,0x00000007b7680000)
 ParOldGen       total 699392K, used 699201K [0x0000000780000000, 0x00000007aab00000, 0x00000007aab00000)
  object space 699392K, 99% used [0x0000000780000000,0x00000007aaad0460,0x00000007aab00000)
 Metaspace       used 6051K, capacity 6122K, committed 6400K, reserved 1056768K
  class space    used 678K, capacity 721K, committed 768K, reserved 1048576K
Event: 518.380 GC heap after
Heap after GC invocations=46 (full 32):
 PSYoungGen      total 208384K, used 92160K [0x00000007aab00000, 0x00000007beb00000, 0x00000007c0000000)
  eden space 92160K, 100% used [0x00000007aab00000,0x00000007b0500000,0x00000007b0500000)
  from space 116224K, 0% used [0x00000007b7680000,0x00000007b7680000,0x00000007be800000)
  to   space 116224K, 0% used [0x00000007b0500000,0x00000007b0500000,0x00000007b7680000)
 ParOldGen       total 699392K, used 699201K [0x0000000780000000, 0x00000007aab00000, 0x00000007aab00000)
  object space 699392K, 99% used [0x0000000780000000,0x00000007aaad0460,0x00000007aab00000)
 Metaspace       used 6051K, capacity 6122K, committed 6400K, reserved 1056768K
  class space    used 678K, capacity 721K, committed 768K, reserved 1048576K
}
Event: 518.380 GC heap before
{Heap before GC invocations=47 (full 33):
 PSYoungGen      total 208384K, used 92160K [0x00000007aab00000, 0x00000007beb00000, 0x00000007c0000000)
  eden space 92160K, 100% used [0x00000007aab00000,0x00000007b0500000,0x00000007b0500000)
  from space 116224K, 0% used [0x00000007b7680000,0x00000007b7680000,0x00000007be800000)
  to   space 116224K, 0% used [0x00000007b0500000,0x00000007b0500000,0x00000007b7680000)
 ParOldGen       total 699392K, used 699203K [0x0000000780000000, 0x00000007aab00000, 0x00000007aab00000)
  object space 699392K, 99% used [0x0000000780000000,0x00000007aaad0c60,0x00000007aab00000)
 Metaspace       used 6051K, capacity 6122K, committed 6400K, reserved 1056768K
  class space    used 678K, capacity 721K, committed 768K, reserved 1048576K
Event: 540.584 GC heap after
Heap after GC invocations=47 (full 33):
 PSYoungGen      total 208384K, used 92160K [0x00000007aab00000, 0x00000007beb00000, 0x00000007c0000000)
  eden space 92160K, 100% used [0x00000007aab00000,0x00000007b0500000,0x00000007b0500000)
  from space 116224K, 0% used [0x00000007b7680000,0x00000007b7680000,0x00000007be800000)
  to   space 116224K, 0% used [0x00000007b0500000,0x00000007b0500000,0x00000007b7680000)
 ParOldGen       total 699392K, used 699203K [0x0000000780000000, 0x00000007aab00000, 0x00000007aab00000)
  object space 699392K, 99% used [0x0000000780000000,0x00000007aaad0c60,0x00000007aab00000)
 Metaspace       used 6051K, capacity 6122K, committed 6400K, reserved 1056768K
  class space    used 678K, capacity 721K, committed 768K, reserved 1048576K
}
Event: 540.584 GC heap before
{Heap before GC invocations=48 (full 34):
 PSYoungGen      total 208384K, used 92160K [0x00000007aab00000, 0x00000007beb00000, 0x00000007c0000000)
  eden space 92160K, 100% used [0x00000007aab00000,0x00000007b0500000,0x00000007b0500000)
  from space 116224K, 0% used [0x00000007b7680000,0x00000007b7680000,0x00000007be800000)
  to   space 116224K, 0% used [0x00000007b0500000,0x00000007b0500000,0x00000007b7680000)
 ParOldGen       total 699392K, used 699205K [0x0000000780000000, 0x00000007aab00000, 0x00000007aab00000)
  object space 699392K, 99% used [0x0000000780000000,0x00000007aaad1460,0x00000007aab00000)
 Metaspace       used 6051K, capacity 6122K, committed 6400K, reserved 1056768K
  class space    used 678K, capacity 721K, committed 768K, reserved 1048576K

