# JRE version: Java(TM) SE Runtime Environment (8.0_141-b15) (build 1.8.0_141-b15)
# Java VM: Java HotSpot(TM) 64-Bit Server VM (25.141-b15 mixed mode bsd-amd64 compressed oops)
Heap:
 PSYoungGen      total 228864K, used 122446K [0x00000007aab00000, 0x00000007bfe00000, 0x00000007c0000000)
  eden space 114688K, 100% used [0x00000007aab00000,0x00000007b1b00000,0x00000007b1b00000)
  from space 114176K, 6% used [0x00000007b8e80000,0x00000007b96138c0,0x00000007bfe00000)
  to   space 116224K, 0% used [0x00000007b1b00000,0x00000007b1b00000,0x00000007b8c80000)
 ParOldGen       total 699392K, used 699369K [0x0000000780000000, 0x00000007aab00000, 0x00000007aab00000)
  object space 699392K, 99% used [0x0000000780000000,0x00000007aaafa650,0x00000007aab00000)
 Metaspace       used 5981K, capacity 6116K, committed 6400K, reserved 1056768K
  class space    used 672K, capacity 720K, committed 768K, reserved 1048576K
GC Heap History (10 events):
Event: 704.848 GC heap after
Heap after GC invocations=63 (full 49):
 PSYoungGen      total 228864K, used 122446K [0x00000007aab00000, 0x00000007bfe00000, 0x00000007c0000000)
  eden space 114688K, 100% used [0x00000007aab00000,0x00000007b1b00000,0x00000007b1b00000)
  from space 114176K, 6% used [0x00000007b8e80000,0x00000007b96138c0,0x00000007bfe00000)
  to   space 116224K, 0% used [0x00000007b1b00000,0x00000007b1b00000,0x00000007b8c80000)
 ParOldGen       total 699392K, used 699359K [0x0000000780000000, 0x00000007aab00000, 0x00000007aab00000)
  object space 699392K, 99% used [0x0000000780000000,0x00000007aaaf7e58,0x00000007aab00000)
 Metaspace       used 5981K, capacity 6116K, committed 6400K, reserved 1056768K
  class space    used 672K, capacity 720K, committed 768K, reserved 1048576K
}
Event: 704.851 GC heap before
{Heap before GC invocations=64 (full 50):
 PSYoungGen      total 228864K, used 122446K [0x00000007aab00000, 0x00000007bfe00000, 0x00000007c0000000)
  eden space 114688K, 100% used [0x00000007aab00000,0x00000007b1b00000,0x00000007b1b00000)
  from space 114176K, 6% used [0x00000007b8e80000,0x00000007b96138c0,0x00000007bfe00000)
  to   space 116224K, 0% used [0x00000007b1b00000,0x00000007b1b00000,0x00000007b8c80000)
 ParOldGen       total 699392K, used 699361K [0x0000000780000000, 0x00000007aab00000, 0x00000007aab00000)
  object space 699392K, 99% used [0x0000000780000000,0x00000007aaaf8658,0x00000007aab00000)
 Metaspace       used 5981K, capacity 6116K, committed 6400K, reserved 1056768K
  class space    used 672K, capacity 720K, committed 768K, reserved 1048576K
Event: 721.609 GC heap after
Heap after GC invocations=64 (full 50):
 PSYoungGen      total 228864K, used 122446K [0x00000007aab00000, 0x00000007bfe00000, 0x00000007c0000000)
  eden space 114688K, 100% used [0x00000007aab00000,0x00000007b1b00000,0x00000007b1b00000)
  from space 114176K, 6% used [0x00000007b8e80000,0x00000007b96138c0,0x00000007bfe00000)
  to   space 116224K, 0% used [0x00000007b1b00000,0x00000007b1b00000,0x00000007b8c80000)
 ParOldGen       total 699392K, used 699361K [0x0000000780000000, 0x00000007aab00000, 0x00000007aab00000)
  object space 699392K, 99% used [0x0000000780000000,0x00000007aaaf8658,0x00000007aab00000)
 Metaspace       used 5981K, capacity 6116K, committed 6400K, reserved 1056768K
  class space    used 672K, capacity 720K, committed 768K, reserved 1048576K
}
Event: 721.611 GC heap before
{Heap before GC invocations=65 (full 51):
 PSYoungGen      total 228864K, used 122446K [0x00000007aab00000, 0x00000007bfe00000, 0x00000007c0000000)
  eden space 114688K, 100% used [0x00000007aab00000,0x00000007b1b00000,0x00000007b1b00000)
  from space 114176K, 6% used [0x00000007b8e80000,0x00000007b96138c0,0x00000007bfe00000)
  to   space 116224K, 0% used [0x00000007b1b00000,0x00000007b1b00000,0x00000007b8c80000)
 ParOldGen       total 699392K, used 699363K [0x0000000780000000, 0x00000007aab00000, 0x00000007aab00000)
  object space 699392K, 99% used [0x0000000780000000,0x00000007aaaf8e58,0x00000007aab00000)
 Metaspace       used 5981K, capacity 6116K, committed 6400K, reserved 1056768K
  class space    used 672K, capacity 720K, committed 768K, reserved 1048576K
Event: 736.402 GC heap after
Heap after GC invocations=65 (full 51):
 PSYoungGen      total 228864K, used 122446K [0x00000007aab00000, 0x00000007bfe00000, 0x00000007c0000000)
  eden space 114688K, 100% used [0x00000007aab00000,0x00000007b1b00000,0x00000007b1b00000)
  from space 114176K, 6% used [0x00000007b8e80000,0x00000007b96138c0,0x00000007bfe00000)
  to   space 116224K, 0% used [0x00000007b1b00000,0x00000007b1b00000,0x00000007b8c80000)
 ParOldGen       total 699392K, used 699363K [0x0000000780000000, 0x00000007aab00000, 0x00000007aab00000)
  object space 699392K, 99% used [0x0000000780000000,0x00000007aaaf8e58,0x00000007aab00000)
 Metaspace       used 5981K, capacity 6116K, committed 6400K, reserved 1056768K
  class space    used 672K, capacity 720K, committed 768K, reserved 1048576K
}
Event: 736.412 GC heap before
{Heap before GC invocations=66 (full 52):
 PSYoungGen      total 228864K, used 122446K [0x00000007aab00000, 0x00000007bfe00000, 0x00000007c0000000)
  eden space 114688K, 100% used [0x00000007aab00000,0x00000007b1b00000,0x00000007b1b00000)
  from space 114176K, 6% used [0x00000007b8e80000,0x00000007b96138c0,0x00000007bfe00000)
  to   space 116224K, 0% used [0x00000007b1b00000,0x00000007b1b00000,0x00000007b8c80000)
 ParOldGen       total 699392K, used 699365K [0x0000000780000000, 0x00000007aab00000, 0x00000007aab00000)
  object space 699392K, 99% used [0x0000000780000000,0x00000007aaaf9650,0x00000007aab00000)
 Metaspace       used 5981K, capacity 6116K, committed 6400K, reserved 1056768K
  class space    used 672K, capacity 720K, committed 768K, reserved 1048576K
Event: 751.126 GC heap after
Heap after GC invocations=66 (full 52):
 PSYoungGen      total 228864K, used 122446K [0x00000007aab00000, 0x00000007bfe00000, 0x00000007c0000000)
  eden space 114688K, 100% used [0x00000007aab00000,0x00000007b1b00000,0x00000007b1b00000)
  from space 114176K, 6% used [0x00000007b8e80000,0x00000007b96138c0,0x00000007bfe00000)
  to   space 116224K, 0% used [0x00000007b1b00000,0x00000007b1b00000,0x00000007b8c80000)
 ParOldGen       total 699392K, used 699365K [0x0000000780000000, 0x00000007aab00000, 0x00000007aab00000)
  object space 699392K, 99% used [0x0000000780000000,0x00000007aaaf9650,0x00000007aab00000)
 Metaspace       used 5981K, capacity 6116K, committed 6400K, reserved 1056768K
  class space    used 672K, capacity 720K, committed 768K, reserved 1048576K
}
Event: 751.129 GC heap before
{Heap before GC invocations=67 (full 53):
 PSYoungGen      total 228864K, used 122446K [0x00000007aab00000, 0x00000007bfe00000, 0x00000007c0000000)
  eden space 114688K, 100% used [0x00000007aab00000,0x00000007b1b00000,0x00000007b1b00000)
  from space 114176K, 6% used [0x00000007b8e80000,0x00000007b96138c0,0x00000007bfe00000)
  to   space 116224K, 0% used [0x00000007b1b00000,0x00000007b1b00000,0x00000007b8c80000)
 ParOldGen       total 699392K, used 699367K [0x0000000780000000, 0x00000007aab00000, 0x00000007aab00000)
  object space 699392K, 99% used [0x0000000780000000,0x00000007aaaf9e50,0x00000007aab00000)
 Metaspace       used 5981K, capacity 6116K, committed 6400K, reserved 1056768K
  class space    used 672K, capacity 720K, committed 768K, reserved 1048576K
Event: 767.154 GC heap after
Heap after GC invocations=67 (full 53):
 PSYoungGen      total 228864K, used 122446K [0x00000007aab00000, 0x00000007bfe00000, 0x00000007c0000000)
  eden space 114688K, 100% used [0x00000007aab00000,0x00000007b1b00000,0x00000007b1b00000)
  from space 114176K, 6% used [0x00000007b8e80000,0x00000007b96138c0,0x00000007bfe00000)
  to   space 116224K, 0% used [0x00000007b1b00000,0x00000007b1b00000,0x00000007b8c80000)
 ParOldGen       total 699392K, used 699367K [0x0000000780000000, 0x00000007aab00000, 0x00000007aab00000)
  object space 699392K, 99% used [0x0000000780000000,0x00000007aaaf9e50,0x00000007aab00000)
 Metaspace       used 5981K, capacity 6116K, committed 6400K, reserved 1056768K
  class space    used 672K, capacity 720K, committed 768K, reserved 1048576K
}
Event: 767.154 GC heap before
{Heap before GC invocations=68 (full 54):
 PSYoungGen      total 228864K, used 122446K [0x00000007aab00000, 0x00000007bfe00000, 0x00000007c0000000)
  eden space 114688K, 100% used [0x00000007aab00000,0x00000007b1b00000,0x00000007b1b00000)
  from space 114176K, 6% used [0x00000007b8e80000,0x00000007b96138c0,0x00000007bfe00000)
  to   space 116224K, 0% used [0x00000007b1b00000,0x00000007b1b00000,0x00000007b8c80000)
 ParOldGen       total 699392K, used 699369K [0x0000000780000000, 0x00000007aab00000, 0x00000007aab00000)
  object space 699392K, 99% used [0x0000000780000000,0x00000007aaafa650,0x00000007aab00000)
 Metaspace       used 5981K, capacity 6116K, committed 6400K, reserved 1056768K
  class space    used 672K, capacity 720K, committed 768K, reserved 1048576K

