# JRE version: Java(TM) SE Runtime Environment (8.0_141-b15) (build 1.8.0_141-b15)
# Java VM: Java HotSpot(TM) 64-Bit Server VM (25.141-b15 mixed mode bsd-amd64 compressed oops)
Heap:
 PSYoungGen      total 226816K, used 196118K [0x00000007aab00000, 0x00000007c0000000, 0x00000007c0000000)
  eden space 110592K, 100% used [0x00000007aab00000,0x00000007b1700000,0x00000007b1700000)
  from space 116224K, 73% used [0x00000007b1700000,0x00000007b6a85b40,0x00000007b8880000)
  to   space 116224K, 0% used [0x00000007b8e80000,0x00000007b8e80000,0x00000007c0000000)
 ParOldGen       total 699392K, used 699373K [0x0000000780000000, 0x00000007aab00000, 0x00000007aab00000)
  object space 699392K, 99% used [0x0000000780000000,0x00000007aaafb478,0x00000007aab00000)
 Metaspace       used 5995K, capacity 6116K, committed 6400K, reserved 1056768K
  class space    used 672K, capacity 720K, committed 768K, reserved 1048576K
GC Heap History (10 events):
Event: 591.565 GC heap after
Heap after GC invocations=43 (full 28):
 PSYoungGen      total 226816K, used 196118K [0x00000007aab00000, 0x00000007c0000000, 0x00000007c0000000)
  eden space 110592K, 100% used [0x00000007aab00000,0x00000007b1700000,0x00000007b1700000)
  from space 116224K, 73% used [0x00000007b1700000,0x00000007b6a85b40,0x00000007b8880000)
  to   space 116224K, 0% used [0x00000007b8e80000,0x00000007b8e80000,0x00000007c0000000)
 ParOldGen       total 699392K, used 699363K [0x0000000780000000, 0x00000007aab00000, 0x00000007aab00000)
  object space 699392K, 99% used [0x0000000780000000,0x00000007aaaf8c78,0x00000007aab00000)
 Metaspace       used 5995K, capacity 6116K, committed 6400K, reserved 1056768K
  class space    used 672K, capacity 720K, committed 768K, reserved 1048576K
}
Event: 591.566 GC heap before
{Heap before GC invocations=44 (full 29):
 PSYoungGen      total 226816K, used 196118K [0x00000007aab00000, 0x00000007c0000000, 0x00000007c0000000)
  eden space 110592K, 100% used [0x00000007aab00000,0x00000007b1700000,0x00000007b1700000)
  from space 116224K, 73% used [0x00000007b1700000,0x00000007b6a85b40,0x00000007b8880000)
  to   space 116224K, 0% used [0x00000007b8e80000,0x00000007b8e80000,0x00000007c0000000)
 ParOldGen       total 699392K, used 699365K [0x0000000780000000, 0x00000007aab00000, 0x00000007aab00000)
  object space 699392K, 99% used [0x0000000780000000,0x00000007aaaf9478,0x00000007aab00000)
 Metaspace       used 5995K, capacity 6116K, committed 6400K, reserved 1056768K
  class space    used 672K, capacity 720K, committed 768K, reserved 1048576K
Event: 608.421 GC heap after
Heap after GC invocations=44 (full 29):
 PSYoungGen      total 226816K, used 196118K [0x00000007aab00000, 0x00000007c0000000, 0x00000007c0000000)
  eden space 110592K, 100% used [0x00000007aab00000,0x00000007b1700000,0x00000007b1700000)
  from space 116224K, 73% used [0x00000007b1700000,0x00000007b6a85b40,0x00000007b8880000)
  to   space 116224K, 0% used [0x00000007b8e80000,0x00000007b8e80000,0x00000007c0000000)
 ParOldGen       total 699392K, used 699365K [0x0000000780000000, 0x00000007aab00000, 0x00000007aab00000)
  object space 699392K, 99% used [0x0000000780000000,0x00000007aaaf9478,0x00000007aab00000)
 Metaspace       used 5995K, capacity 6116K, committed 6400K, reserved 1056768K
  class space    used 672K, capacity 720K, committed 768K, reserved 1048576K
}
Event: 608.433 GC heap before
{Heap before GC invocations=45 (full 30):
 PSYoungGen      total 226816K, used 196118K [0x00000007aab00000, 0x00000007c0000000, 0x00000007c0000000)
  eden space 110592K, 100% used [0x00000007aab00000,0x00000007b1700000,0x00000007b1700000)
  from space 116224K, 73% used [0x00000007b1700000,0x00000007b6a85b40,0x00000007b8880000)
  to   space 116224K, 0% used [0x00000007b8e80000,0x00000007b8e80000,0x00000007c0000000)
 ParOldGen       total 699392K, used 699367K [0x0000000780000000, 0x00000007aab00000, 0x00000007aab00000)
  object space 699392K, 99% used [0x0000000780000000,0x00000007aaaf9c78,0x00000007aab00000)
 Metaspace       used 5995K, capacity 6116K, committed 6400K, reserved 1056768K
  class space    used 672K, capacity 720K, committed 768K, reserved 1048576K
Event: 627.842 GC heap after
Heap after GC invocations=45 (full 30):
 PSYoungGen      total 226816K, used 196118K [0x00000007aab00000, 0x00000007c0000000, 0x00000007c0000000)
  eden space 110592K, 100% used [0x00000007aab00000,0x00000007b1700000,0x00000007b1700000)
  from space 116224K, 73% used [0x00000007b1700000,0x00000007b6a85b40,0x00000007b8880000)
  to   space 116224K, 0% used [0x00000007b8e80000,0x00000007b8e80000,0x00000007c0000000)
 ParOldGen       total 699392K, used 699367K [0x0000000780000000, 0x00000007aab00000, 0x00000007aab00000)
  object space 699392K, 99% used [0x0000000780000000,0x00000007aaaf9c78,0x00000007aab00000)
 Metaspace       used 5995K, capacity 6116K, committed 6400K, reserved 1056768K
  class space    used 672K, capacity 720K, committed 768K, reserved 1048576K
}
Event: 627.842 GC heap before
{Heap before GC invocations=46 (full 31):
 PSYoungGen      total 226816K, used 196118K [0x00000007aab00000, 0x00000007c0000000, 0x00000007c0000000)
  eden space 110592K, 100% used [0x00000007aab00000,0x00000007b1700000,0x00000007b1700000)
  from space 116224K, 73% used [0x00000007b1700000,0x00000007b6a85b40,0x00000007b8880000)
  to   space 116224K, 0% used [0x00000007b8e80000,0x00000007b8e80000,0x00000007c0000000)
 ParOldGen       total 699392K, used 699369K [0x0000000780000000, 0x00000007aab00000, 0x00000007aab00000)
  object space 699392K, 99% used [0x0000000780000000,0x00000007aaafa478,0x00000007aab00000)
 Metaspace       used 5995K, capacity 6116K, committed 6400K, reserved 1056768K
  class space    used 672K, capacity 720K, committed 768K, reserved 1048576K
Event: 645.800 GC heap after
Heap after GC invocations=46 (full 31):
 PSYoungGen      total 226816K, used 196118K [0x00000007aab00000, 0x00000007c0000000, 0x00000007c0000000)
  eden space 110592K, 100% used [0x00000007aab00000,0x00000007b1700000,0x00000007b1700000)
  from space 116224K, 73% used [0x00000007b1700000,0x00000007b6a85b40,0x00000007b8880000)
  to   space 116224K, 0% used [0x00000007b8e80000,0x00000007b8e80000,0x00000007c0000000)
 ParOldGen       total 699392K, used 699369K [0x0000000780000000, 0x00000007aab00000, 0x00000007aab00000)
  object space 699392K, 99% used [0x0000000780000000,0x00000007aaafa478,0x00000007aab00000)
 Metaspace       used 5995K, capacity 6116K, committed 6400K, reserved 1056768K
  class space    used 672K, capacity 720K, committed 768K, reserved 1048576K
}
Event: 645.801 GC heap before
{Heap before GC invocations=47 (full 32):
 PSYoungGen      total 226816K, used 196118K [0x00000007aab00000, 0x00000007c0000000, 0x00000007c0000000)
  eden space 110592K, 100% used [0x00000007aab00000,0x00000007b1700000,0x00000007b1700000)
  from space 116224K, 73% used [0x00000007b1700000,0x00000007b6a85b40,0x00000007b8880000)
  to   space 116224K, 0% used [0x00000007b8e80000,0x00000007b8e80000,0x00000007c0000000)
 ParOldGen       total 699392K, used 699371K [0x0000000780000000, 0x00000007aab00000, 0x00000007aab00000)
  object space 699392K, 99% used [0x0000000780000000,0x00000007aaafac78,0x00000007aab00000)
 Metaspace       used 5995K, capacity 6116K, committed 6400K, reserved 1056768K
  class space    used 672K, capacity 720K, committed 768K, reserved 1048576K
Event: 660.235 GC heap after
Heap after GC invocations=47 (full 32):
 PSYoungGen      total 226816K, used 196118K [0x00000007aab00000, 0x00000007c0000000, 0x00000007c0000000)
  eden space 110592K, 100% used [0x00000007aab00000,0x00000007b1700000,0x00000007b1700000)
  from space 116224K, 73% used [0x00000007b1700000,0x00000007b6a85b40,0x00000007b8880000)
  to   space 116224K, 0% used [0x00000007b8e80000,0x00000007b8e80000,0x00000007c0000000)
 ParOldGen       total 699392K, used 699371K [0x0000000780000000, 0x00000007aab00000, 0x00000007aab00000)
  object space 699392K, 99% used [0x0000000780000000,0x00000007aaafac78,0x00000007aab00000)
 Metaspace       used 5995K, capacity 6116K, committed 6400K, reserved 1056768K
  class space    used 672K, capacity 720K, committed 768K, reserved 1048576K
}
Event: 660.235 GC heap before
{Heap before GC invocations=48 (full 33):
 PSYoungGen      total 226816K, used 196118K [0x00000007aab00000, 0x00000007c0000000, 0x00000007c0000000)
  eden space 110592K, 100% used [0x00000007aab00000,0x00000007b1700000,0x00000007b1700000)
  from space 116224K, 73% used [0x00000007b1700000,0x00000007b6a85b40,0x00000007b8880000)
  to   space 116224K, 0% used [0x00000007b8e80000,0x00000007b8e80000,0x00000007c0000000)
 ParOldGen       total 699392K, used 699373K [0x0000000780000000, 0x00000007aab00000, 0x00000007aab00000)
  object space 699392K, 99% used [0x0000000780000000,0x00000007aaafb478,0x00000007aab00000)
 Metaspace       used 5995K, capacity 6116K, committed 6400K, reserved 1056768K
  class space    used 672K, capacity 720K, committed 768K, reserved 1048576K

