# JRE version: Java(TM) SE Runtime Environment (8.0_141-b15) (build 1.8.0_141-b15)
# Java VM: Java HotSpot(TM) 64-Bit Server VM (25.141-b15 mixed mode bsd-amd64 compressed oops)
Heap:
 PSYoungGen      total 230400K, used 114176K [0x00000007aab00000, 0x00000007c0000000, 0x00000007c0000000)
  eden space 114176K, 100% used [0x00000007aab00000,0x00000007b1a80000,0x00000007b1a80000)
  from space 116224K, 0% used [0x00000007b8c00000,0x00000007b8c00000,0x00000007bfd80000)
  to   space 116224K, 0% used [0x00000007b1a80000,0x00000007b1a80000,0x00000007b8c00000)
 ParOldGen       total 699392K, used 699100K [0x0000000780000000, 0x00000007aab00000, 0x00000007aab00000)
  object space 699392K, 99% used [0x0000000780000000,0x00000007aaab70e8,0x00000007aab00000)
 Metaspace       used 6123K, capacity 6256K, committed 6400K, reserved 1056768K
  class space    used 680K, capacity 722K, committed 768K, reserved 1048576K
GC Heap History (10 events):
Event: 349.939 GC heap after
Heap after GC invocations=59 (full 45):
 PSYoungGen      total 230400K, used 114176K [0x00000007aab00000, 0x00000007c0000000, 0x00000007c0000000)
  eden space 114176K, 100% used [0x00000007aab00000,0x00000007b1a80000,0x00000007b1a80000)
  from space 116224K, 0% used [0x00000007b8c00000,0x00000007b8c00000,0x00000007bfd80000)
  to   space 116224K, 0% used [0x00000007b1a80000,0x00000007b1a80000,0x00000007b8c00000)
 ParOldGen       total 699392K, used 699090K [0x0000000780000000, 0x00000007aab00000, 0x00000007aab00000)
  object space 699392K, 99% used [0x0000000780000000,0x00000007aaab48e8,0x00000007aab00000)
 Metaspace       used 6123K, capacity 6256K, committed 6400K, reserved 1056768K
  class space    used 680K, capacity 722K, committed 768K, reserved 1048576K
}
Event: 349.942 GC heap before
{Heap before GC invocations=60 (full 46):
 PSYoungGen      total 230400K, used 114176K [0x00000007aab00000, 0x00000007c0000000, 0x00000007c0000000)
  eden space 114176K, 100% used [0x00000007aab00000,0x00000007b1a80000,0x00000007b1a80000)
  from space 116224K, 0% used [0x00000007b8c00000,0x00000007b8c00000,0x00000007bfd80000)
  to   space 116224K, 0% used [0x00000007b1a80000,0x00000007b1a80000,0x00000007b8c00000)
 ParOldGen       total 699392K, used 699092K [0x0000000780000000, 0x00000007aab00000, 0x00000007aab00000)
  object space 699392K, 99% used [0x0000000780000000,0x00000007aaab50e8,0x00000007aab00000)
 Metaspace       used 6123K, capacity 6256K, committed 6400K, reserved 1056768K
  class space    used 680K, capacity 722K, committed 768K, reserved 1048576K
Event: 366.450 GC heap after
Heap after GC invocations=60 (full 46):
 PSYoungGen      total 230400K, used 114176K [0x00000007aab00000, 0x00000007c0000000, 0x00000007c0000000)
  eden space 114176K, 100% used [0x00000007aab00000,0x00000007b1a80000,0x00000007b1a80000)
  from space 116224K, 0% used [0x00000007b8c00000,0x00000007b8c00000,0x00000007bfd80000)
  to   space 116224K, 0% used [0x00000007b1a80000,0x00000007b1a80000,0x00000007b8c00000)
 ParOldGen       total 699392K, used 699092K [0x0000000780000000, 0x00000007aab00000, 0x00000007aab00000)
  object space 699392K, 99% used [0x0000000780000000,0x00000007aaab50e8,0x00000007aab00000)
 Metaspace       used 6123K, capacity 6256K, committed 6400K, reserved 1056768K
  class space    used 680K, capacity 722K, committed 768K, reserved 1048576K
}
Event: 366.450 GC heap before
{Heap before GC invocations=61 (full 47):
 PSYoungGen      total 230400K, used 114176K [0x00000007aab00000, 0x00000007c0000000, 0x00000007c0000000)
  eden space 114176K, 100% used [0x00000007aab00000,0x00000007b1a80000,0x00000007b1a80000)
  from space 116224K, 0% used [0x00000007b8c00000,0x00000007b8c00000,0x00000007bfd80000)
  to   space 116224K, 0% used [0x00000007b1a80000,0x00000007b1a80000,0x00000007b8c00000)
 ParOldGen       total 699392K, used 699094K [0x0000000780000000, 0x00000007aab00000, 0x00000007aab00000)
  object space 699392K, 99% used [0x0000000780000000,0x00000007aaab58e8,0x00000007aab00000)
 Metaspace       used 6123K, capacity 6256K, committed 6400K, reserved 1056768K
  class space    used 680K, capacity 722K, committed 768K, reserved 1048576K
Event: 382.914 GC heap after
Heap after GC invocations=61 (full 47):
 PSYoungGen      total 230400K, used 114176K [0x00000007aab00000, 0x00000007c0000000, 0x00000007c0000000)
  eden space 114176K, 100% used [0x00000007aab00000,0x00000007b1a80000,0x00000007b1a80000)
  from space 116224K, 0% used [0x00000007b8c00000,0x00000007b8c00000,0x00000007bfd80000)
  to   space 116224K, 0% used [0x00000007b1a80000,0x00000007b1a80000,0x00000007b8c00000)
 ParOldGen       total 699392K, used 699094K [0x0000000780000000, 0x00000007aab00000, 0x00000007aab00000)
  object space 699392K, 99% used [0x0000000780000000,0x00000007aaab58e8,0x00000007aab00000)
 Metaspace       used 6123K, capacity 6256K, committed 6400K, reserved 1056768K
  class space    used 680K, capacity 722K, committed 768K, reserved 1048576K
}
Event: 382.917 GC heap before
{Heap before GC invocations=62 (full 48):
 PSYoungGen      total 230400K, used 114176K [0x00000007aab00000, 0x00000007c0000000, 0x00000007c0000000)
  eden space 114176K, 100% used [0x00000007aab00000,0x00000007b1a80000,0x00000007b1a80000)
  from space 116224K, 0% used [0x00000007b8c00000,0x00000007b8c00000,0x00000007bfd80000)
  to   space 116224K, 0% used [0x00000007b1a80000,0x00000007b1a80000,0x00000007b8c00000)
 ParOldGen       total 699392K, used 699096K [0x0000000780000000, 0x00000007aab00000, 0x00000007aab00000)
  object space 699392K, 99% used [0x0000000780000000,0x00000007aaab60e8,0x00000007aab00000)
 Metaspace       used 6123K, capacity 6256K, committed 6400K, reserved 1056768K
  class space    used 680K, capacity 722K, committed 768K, reserved 1048576K
Event: 399.400 GC heap after
Heap after GC invocations=62 (full 48):
 PSYoungGen      total 230400K, used 114176K [0x00000007aab00000, 0x00000007c0000000, 0x00000007c0000000)
  eden space 114176K, 100% used [0x00000007aab00000,0x00000007b1a80000,0x00000007b1a80000)
  from space 116224K, 0% used [0x00000007b8c00000,0x00000007b8c00000,0x00000007bfd80000)
  to   space 116224K, 0% used [0x00000007b1a80000,0x00000007b1a80000,0x00000007b8c00000)
 ParOldGen       total 699392K, used 699096K [0x0000000780000000, 0x00000007aab00000, 0x00000007aab00000)
  object space 699392K, 99% used [0x0000000780000000,0x00000007aaab60e8,0x00000007aab00000)
 Metaspace       used 6123K, capacity 6256K, committed 6400K, reserved 1056768K
  class space    used 680K, capacity 722K, committed 768K, reserved 1048576K
}
Event: 399.400 GC heap before
{Heap before GC invocations=63 (full 49):
 PSYoungGen      total 230400K, used 114176K [0x00000007aab00000, 0x00000007c0000000, 0x00000007c0000000)
  eden space 114176K, 100% used [0x00000007aab00000,0x00000007b1a80000,0x00000007b1a80000)
  from space 116224K, 0% used [0x00000007b8c00000,0x00000007b8c00000,0x00000007bfd80000)
  to   space 116224K, 0% used [0x00000007b1a80000,0x00000007b1a80000,0x00000007b8c00000)
 ParOldGen       total 699392K, used 699098K [0x0000000780000000, 0x00000007aab00000, 0x00000007aab00000)
  object space 699392K, 99% used [0x0000000780000000,0x00000007aaab68e8,0x00000007aab00000)
 Metaspace       used 6123K, capacity 6256K, committed 6400K, reserved 1056768K
  class space    used 680K, capacity 722K, committed 768K, reserved 1048576K
Event: 417.463 GC heap after
Heap after GC invocations=63 (full 49):
 PSYoungGen      total 230400K, used 114176K [0x00000007aab00000, 0x00000007c0000000, 0x00000007c0000000)
  eden space 114176K, 100% used [0x00000007aab00000,0x00000007b1a80000,0x00000007b1a80000)
  from space 116224K, 0% used [0x00000007b8c00000,0x00000007b8c00000,0x00000007bfd80000)
  to   space 116224K, 0% used [0x00000007b1a80000,0x00000007b1a80000,0x00000007b8c00000)
 ParOldGen       total 699392K, used 699098K [0x0000000780000000, 0x00000007aab00000, 0x00000007aab00000)
  object space 699392K, 99% used [0x0000000780000000,0x00000007aaab68e8,0x00000007aab00000)
 Metaspace       used 6123K, capacity 6256K, committed 6400K, reserved 1056768K
  class space    used 680K, capacity 722K, committed 768K, reserved 1048576K
}
Event: 417.463 GC heap before
{Heap before GC invocations=64 (full 50):
 PSYoungGen      total 230400K, used 114176K [0x00000007aab00000, 0x00000007c0000000, 0x00000007c0000000)
  eden space 114176K, 100% used [0x00000007aab00000,0x00000007b1a80000,0x00000007b1a80000)
  from space 116224K, 0% used [0x00000007b8c00000,0x00000007b8c00000,0x00000007bfd80000)
  to   space 116224K, 0% used [0x00000007b1a80000,0x00000007b1a80000,0x00000007b8c00000)
 ParOldGen       total 699392K, used 699100K [0x0000000780000000, 0x00000007aab00000, 0x00000007aab00000)
  object space 699392K, 99% used [0x0000000780000000,0x00000007aaab70e8,0x00000007aab00000)
 Metaspace       used 6123K, capacity 6256K, committed 6400K, reserved 1056768K
  class space    used 680K, capacity 722K, committed 768K, reserved 1048576K

