# JRE version: Java(TM) SE Runtime Environment (8.0_141-b15) (build 1.8.0_141-b15)
# Java VM: Java HotSpot(TM) 64-Bit Server VM (25.141-b15 mixed mode bsd-amd64 compressed oops)
Heap:
 PSYoungGen      total 225792K, used 109568K [0x00000007aab00000, 0x00000007c0000000, 0x00000007c0000000)
  eden space 109568K, 100% used [0x00000007aab00000,0x00000007b1600000,0x00000007b1600000)
  from space 116224K, 0% used [0x00000007b1600000,0x00000007b1600000,0x00000007b8780000)
  to   space 116224K, 0% used [0x00000007b8e80000,0x00000007b8e80000,0x00000007c0000000)
 ParOldGen       total 699392K, used 699131K [0x0000000780000000, 0x00000007aab00000, 0x00000007aab00000)
  object space 699392K, 99% used [0x0000000780000000,0x00000007aaabeee0,0x00000007aab00000)
 Metaspace       used 6136K, capacity 6256K, committed 6400K, reserved 1056768K
  class space    used 680K, capacity 722K, committed 768K, reserved 1048576K
GC Heap History (10 events):
Event: 445.222 GC heap after
Heap after GC invocations=112 (full 99):
 PSYoungGen      total 225792K, used 109568K [0x00000007aab00000, 0x00000007c0000000, 0x00000007c0000000)
  eden space 109568K, 100% used [0x00000007aab00000,0x00000007b1600000,0x00000007b1600000)
  from space 116224K, 0% used [0x00000007b1600000,0x00000007b1600000,0x00000007b8780000)
  to   space 116224K, 0% used [0x00000007b8e80000,0x00000007b8e80000,0x00000007c0000000)
 ParOldGen       total 699392K, used 699121K [0x0000000780000000, 0x00000007aab00000, 0x00000007aab00000)
  object space 699392K, 99% used [0x0000000780000000,0x00000007aaabc6e0,0x00000007aab00000)
 Metaspace       used 6136K, capacity 6256K, committed 6400K, reserved 1056768K
  class space    used 680K, capacity 722K, committed 768K, reserved 1048576K
}
Event: 445.225 GC heap before
{Heap before GC invocations=113 (full 100):
 PSYoungGen      total 225792K, used 109568K [0x00000007aab00000, 0x00000007c0000000, 0x00000007c0000000)
  eden space 109568K, 100% used [0x00000007aab00000,0x00000007b1600000,0x00000007b1600000)
  from space 116224K, 0% used [0x00000007b1600000,0x00000007b1600000,0x00000007b8780000)
  to   space 116224K, 0% used [0x00000007b8e80000,0x00000007b8e80000,0x00000007c0000000)
 ParOldGen       total 699392K, used 699123K [0x0000000780000000, 0x00000007aab00000, 0x00000007aab00000)
  object space 699392K, 99% used [0x0000000780000000,0x00000007aaabcee0,0x00000007aab00000)
 Metaspace       used 6136K, capacity 6256K, committed 6400K, reserved 1056768K
  class space    used 680K, capacity 722K, committed 768K, reserved 1048576K
Event: 459.638 GC heap after
Heap after GC invocations=113 (full 100):
 PSYoungGen      total 225792K, used 109568K [0x00000007aab00000, 0x00000007c0000000, 0x00000007c0000000)
  eden space 109568K, 100% used [0x00000007aab00000,0x00000007b1600000,0x00000007b1600000)
  from space 116224K, 0% used [0x00000007b1600000,0x00000007b1600000,0x00000007b8780000)
  to   space 116224K, 0% used [0x00000007b8e80000,0x00000007b8e80000,0x00000007c0000000)
 ParOldGen       total 699392K, used 699123K [0x0000000780000000, 0x00000007aab00000, 0x00000007aab00000)
  object space 699392K, 99% used [0x0000000780000000,0x00000007aaabcee0,0x00000007aab00000)
 Metaspace       used 6136K, capacity 6256K, committed 6400K, reserved 1056768K
  class space    used 680K, capacity 722K, committed 768K, reserved 1048576K
}
Event: 459.639 GC heap before
{Heap before GC invocations=114 (full 101):
 PSYoungGen      total 225792K, used 109568K [0x00000007aab00000, 0x00000007c0000000, 0x00000007c0000000)
  eden space 109568K, 100% used [0x00000007aab00000,0x00000007b1600000,0x00000007b1600000)
  from space 116224K, 0% used [0x00000007b1600000,0x00000007b1600000,0x00000007b8780000)
  to   space 116224K, 0% used [0x00000007b8e80000,0x00000007b8e80000,0x00000007c0000000)
 ParOldGen       total 699392K, used 699125K [0x0000000780000000, 0x00000007aab00000, 0x00000007aab00000)
  object space 699392K, 99% used [0x0000000780000000,0x00000007aaabd6e0,0x00000007aab00000)
 Metaspace       used 6136K, capacity 6256K, committed 6400K, reserved 1056768K
  class space    used 680K, capacity 722K, committed 768K, reserved 1048576K
Event: 476.940 GC heap after
Heap after GC invocations=114 (full 101):
 PSYoungGen      total 225792K, used 109568K [0x00000007aab00000, 0x00000007c0000000, 0x00000007c0000000)
  eden space 109568K, 100% used [0x00000007aab00000,0x00000007b1600000,0x00000007b1600000)
  from space 116224K, 0% used [0x00000007b1600000,0x00000007b1600000,0x00000007b8780000)
  to   space 116224K, 0% used [0x00000007b8e80000,0x00000007b8e80000,0x00000007c0000000)
 ParOldGen       total 699392K, used 699125K [0x0000000780000000, 0x00000007aab00000, 0x00000007aab00000)
  object space 699392K, 99% used [0x0000000780000000,0x00000007aaabd6e0,0x00000007aab00000)
 Metaspace       used 6136K, capacity 6256K, committed 6400K, reserved 1056768K
  class space    used 680K, capacity 722K, committed 768K, reserved 1048576K
}
Event: 476.940 GC heap before
{Heap before GC invocations=115 (full 102):
 PSYoungGen      total 225792K, used 109568K [0x00000007aab00000, 0x00000007c0000000, 0x00000007c0000000)
  eden space 109568K, 100% used [0x00000007aab00000,0x00000007b1600000,0x00000007b1600000)
  from space 116224K, 0% used [0x00000007b1600000,0x00000007b1600000,0x00000007b8780000)
  to   space 116224K, 0% used [0x00000007b8e80000,0x00000007b8e80000,0x00000007c0000000)
 ParOldGen       total 699392K, used 699127K [0x0000000780000000, 0x00000007aab00000, 0x00000007aab00000)
  object space 699392K, 99% used [0x0000000780000000,0x00000007aaabdee0,0x00000007aab00000)
 Metaspace       used 6136K, capacity 6256K, committed 6400K, reserved 1056768K
  class space    used 680K, capacity 722K, committed 768K, reserved 1048576K
Event: 497.422 GC heap after
Heap after GC invocations=115 (full 102):
 PSYoungGen      total 225792K, used 109568K [0x00000007aab00000, 0x00000007c0000000, 0x00000007c0000000)
  eden space 109568K, 100% used [0x00000007aab00000,0x00000007b1600000,0x00000007b1600000)
  from space 116224K, 0% used [0x00000007b1600000,0x00000007b1600000,0x00000007b8780000)
  to   space 116224K, 0% used [0x00000007b8e80000,0x00000007b8e80000,0x00000007c0000000)
 ParOldGen       total 699392K, used 699127K [0x0000000780000000, 0x00000007aab00000, 0x00000007aab00000)
  object space 699392K, 99% used [0x0000000780000000,0x00000007aaabdee0,0x00000007aab00000)
 Metaspace       used 6136K, capacity 6256K, committed 6400K, reserved 1056768K
  class space    used 680K, capacity 722K, committed 768K, reserved 1048576K
}
Event: 497.426 GC heap before
{Heap before GC invocations=116 (full 103):
 PSYoungGen      total 225792K, used 109568K [0x00000007aab00000, 0x00000007c0000000, 0x00000007c0000000)
  eden space 109568K, 100% used [0x00000007aab00000,0x00000007b1600000,0x00000007b1600000)
  from space 116224K, 0% used [0x00000007b1600000,0x00000007b1600000,0x00000007b8780000)
  to   space 116224K, 0% used [0x00000007b8e80000,0x00000007b8e80000,0x00000007c0000000)
 ParOldGen       total 699392K, used 699129K [0x0000000780000000, 0x00000007aab00000, 0x00000007aab00000)
  object space 699392K, 99% used [0x0000000780000000,0x00000007aaabe6e0,0x00000007aab00000)
 Metaspace       used 6136K, capacity 6256K, committed 6400K, reserved 1056768K
  class space    used 680K, capacity 722K, committed 768K, reserved 1048576K
Event: 519.165 GC heap after
Heap after GC invocations=116 (full 103):
 PSYoungGen      total 225792K, used 109568K [0x00000007aab00000, 0x00000007c0000000, 0x00000007c0000000)
  eden space 109568K, 100% used [0x00000007aab00000,0x00000007b1600000,0x00000007b1600000)
  from space 116224K, 0% used [0x00000007b1600000,0x00000007b1600000,0x00000007b8780000)
  to   space 116224K, 0% used [0x00000007b8e80000,0x00000007b8e80000,0x00000007c0000000)
 ParOldGen       total 699392K, used 699129K [0x0000000780000000, 0x00000007aab00000, 0x00000007aab00000)
  object space 699392K, 99% used [0x0000000780000000,0x00000007aaabe6e0,0x00000007aab00000)
 Metaspace       used 6136K, capacity 6256K, committed 6400K, reserved 1056768K
  class space    used 680K, capacity 722K, committed 768K, reserved 1048576K
}
Event: 519.166 GC heap before
{Heap before GC invocations=117 (full 104):
 PSYoungGen      total 225792K, used 109568K [0x00000007aab00000, 0x00000007c0000000, 0x00000007c0000000)
  eden space 109568K, 100% used [0x00000007aab00000,0x00000007b1600000,0x00000007b1600000)
  from space 116224K, 0% used [0x00000007b1600000,0x00000007b1600000,0x00000007b8780000)
  to   space 116224K, 0% used [0x00000007b8e80000,0x00000007b8e80000,0x00000007c0000000)
 ParOldGen       total 699392K, used 699131K [0x0000000780000000, 0x00000007aab00000, 0x00000007aab00000)
  object space 699392K, 99% used [0x0000000780000000,0x00000007aaabeee0,0x00000007aab00000)
 Metaspace       used 6136K, capacity 6256K, committed 6400K, reserved 1056768K
  class space    used 680K, capacity 722K, committed 768K, reserved 1048576K

