# JRE version: Java(TM) SE Runtime Environment (8.0_141-b15) (build 1.8.0_141-b15)
# Java VM: Java HotSpot(TM) 64-Bit Server VM (25.141-b15 mixed mode bsd-amd64 compressed oops)
Heap:
 PSYoungGen      total 219136K, used 189455K [0x00000007aab00000, 0x00000007c0000000, 0x00000007c0000000)
  eden space 102912K, 100% used [0x00000007aab00000,0x00000007b0f80000,0x00000007b0f80000)
  from space 116224K, 74% used [0x00000007b0f80000,0x00000007b6403cc0,0x00000007b8100000)
  to   space 116224K, 0% used [0x00000007b8e80000,0x00000007b8e80000,0x00000007c0000000)
 ParOldGen       total 699392K, used 699151K [0x0000000780000000, 0x00000007aab00000, 0x00000007aab00000)
  object space 699392K, 99% used [0x0000000780000000,0x00000007aaac3d40,0x00000007aab00000)
 Metaspace       used 6053K, capacity 6140K, committed 6400K, reserved 1056768K
  class space    used 679K, capacity 724K, committed 768K, reserved 1048576K
GC Heap History (10 events):
Event: 133.379 GC heap after
Heap after GC invocations=19 (full 6):
 PSYoungGen      total 198656K, used 0K [0x00000007aab00000, 0x00000007bf880000, 0x00000007c0000000)
  eden space 82432K, 0% used [0x00000007aab00000,0x00000007aab00000,0x00000007afb80000)
  from space 116224K, 0% used [0x00000007afb80000,0x00000007afb80000,0x00000007b6d00000)
  to   space 116224K, 0% used [0x00000007b8700000,0x00000007b8700000,0x00000007bf880000)
 ParOldGen       total 699392K, used 600353K [0x0000000780000000, 0x00000007aab00000, 0x00000007aab00000)
  object space 699392K, 85% used [0x0000000780000000,0x00000007a4a48520,0x00000007aab00000)
 Metaspace       used 6053K, capacity 6140K, committed 6400K, reserved 1056768K
  class space    used 679K, capacity 724K, committed 768K, reserved 1048576K
}
Event: 134.465 GC heap before
{Heap before GC invocations=20 (full 6):
 PSYoungGen      total 198656K, used 82432K [0x00000007aab00000, 0x00000007bf880000, 0x00000007c0000000)
  eden space 82432K, 100% used [0x00000007aab00000,0x00000007afb80000,0x00000007afb80000)
  from space 116224K, 0% used [0x00000007afb80000,0x00000007afb80000,0x00000007b6d00000)
  to   space 116224K, 0% used [0x00000007b8700000,0x00000007b8700000,0x00000007bf880000)
 ParOldGen       total 699392K, used 600353K [0x0000000780000000, 0x00000007aab00000, 0x00000007aab00000)
  object space 699392K, 85% used [0x0000000780000000,0x00000007a4a48520,0x00000007aab00000)
 Metaspace       used 6053K, capacity 6140K, committed 6400K, reserved 1056768K
  class space    used 679K, capacity 724K, committed 768K, reserved 1048576K
Event: 135.540 GC heap after
Heap after GC invocations=20 (full 6):
 PSYoungGen      total 212992K, used 82592K [0x00000007aab00000, 0x00000007bf280000, 0x00000007c0000000)
  eden space 102912K, 0% used [0x00000007aab00000,0x00000007aab00000,0x00000007b0f80000)
  from space 110080K, 75% used [0x00000007b8700000,0x00000007bd7a8000,0x00000007bf280000)
  to   space 116224K, 0% used [0x00000007b0f80000,0x00000007b0f80000,0x00000007b8100000)
 ParOldGen       total 699392K, used 600353K [0x0000000780000000, 0x00000007aab00000, 0x00000007aab00000)
  object space 699392K, 85% used [0x0000000780000000,0x00000007a4a48520,0x00000007aab00000)
 Metaspace       used 6053K, capacity 6140K, committed 6400K, reserved 1056768K
  class space    used 679K, capacity 724K, committed 768K, reserved 1048576K
}
Event: 135.836 GC heap before
{Heap before GC invocations=21 (full 6):
 PSYoungGen      total 212992K, used 185504K [0x00000007aab00000, 0x00000007bf280000, 0x00000007c0000000)
  eden space 102912K, 100% used [0x00000007aab00000,0x00000007b0f80000,0x00000007b0f80000)
  from space 110080K, 75% used [0x00000007b8700000,0x00000007bd7a8000,0x00000007bf280000)
  to   space 116224K, 0% used [0x00000007b0f80000,0x00000007b0f80000,0x00000007b8100000)
 ParOldGen       total 699392K, used 600353K [0x0000000780000000, 0x00000007aab00000, 0x00000007aab00000)
  object space 699392K, 85% used [0x0000000780000000,0x00000007a4a48520,0x00000007aab00000)
 Metaspace       used 6053K, capacity 6140K, committed 6400K, reserved 1056768K
  class space    used 679K, capacity 724K, committed 768K, reserved 1048576K
Event: 137.767 GC heap after
Heap after GC invocations=21 (full 6):
 PSYoungGen      total 219136K, used 103072K [0x00000007aab00000, 0x00000007c0000000, 0x00000007c0000000)
  eden space 102912K, 0% used [0x00000007aab00000,0x00000007aab00000,0x00000007b0f80000)
  from space 116224K, 88% used [0x00000007b0f80000,0x00000007b7428000,0x00000007b8100000)
  to   space 116224K, 0% used [0x00000007b8e80000,0x00000007b8e80000,0x00000007c0000000)
 ParOldGen       total 699392K, used 683129K [0x0000000780000000, 0x00000007aab00000, 0x00000007aab00000)
  object space 699392K, 97% used [0x0000000780000000,0x00000007a9b1e520,0x00000007aab00000)
 Metaspace       used 6053K, capacity 6140K, committed 6400K, reserved 1056768K
  class space    used 679K, capacity 724K, committed 768K, reserved 1048576K
}
Event: 137.767 GC heap before
{Heap before GC invocations=22 (full 7):
 PSYoungGen      total 219136K, used 103072K [0x00000007aab00000, 0x00000007c0000000, 0x00000007c0000000)
  eden space 102912K, 0% used [0x00000007aab00000,0x00000007aab00000,0x00000007b0f80000)
  from space 116224K, 88% used [0x00000007b0f80000,0x00000007b7428000,0x00000007b8100000)
  to   space 116224K, 0% used [0x00000007b8e80000,0x00000007b8e80000,0x00000007c0000000)
 ParOldGen       total 699392K, used 683129K [0x0000000780000000, 0x00000007aab00000, 0x00000007aab00000)
  object space 699392K, 97% used [0x0000000780000000,0x00000007a9b1e520,0x00000007aab00000)
 Metaspace       used 6053K, capacity 6140K, committed 6400K, reserved 1056768K
  class space    used 679K, capacity 724K, committed 768K, reserved 1048576K
Event: 162.154 GC heap after
Heap after GC invocations=22 (full 7):
 PSYoungGen      total 219136K, used 86543K [0x00000007aab00000, 0x00000007c0000000, 0x00000007c0000000)
  eden space 102912K, 0% used [0x00000007aab00000,0x00000007aab00000,0x00000007b0f80000)
  from space 116224K, 74% used [0x00000007b0f80000,0x00000007b6403cc0,0x00000007b8100000)
  to   space 116224K, 0% used [0x00000007b8e80000,0x00000007b8e80000,0x00000007c0000000)
 ParOldGen       total 699392K, used 699151K [0x0000000780000000, 0x00000007aab00000, 0x00000007aab00000)
  object space 699392K, 99% used [0x0000000780000000,0x00000007aaac3d40,0x00000007aab00000)
 Metaspace       used 6053K, capacity 6140K, committed 6400K, reserved 1056768K
  class space    used 679K, capacity 724K, committed 768K, reserved 1048576K
}
Event: 163.340 GC heap before
{Heap before GC invocations=23 (full 8):
 PSYoungGen      total 219136K, used 189455K [0x00000007aab00000, 0x00000007c0000000, 0x00000007c0000000)
  eden space 102912K, 100% used [0x00000007aab00000,0x00000007b0f80000,0x00000007b0f80000)
  from space 116224K, 74% used [0x00000007b0f80000,0x00000007b6403cc0,0x00000007b8100000)
  to   space 116224K, 0% used [0x00000007b8e80000,0x00000007b8e80000,0x00000007c0000000)
 ParOldGen       total 699392K, used 699151K [0x0000000780000000, 0x00000007aab00000, 0x00000007aab00000)
  object space 699392K, 99% used [0x0000000780000000,0x00000007aaac3d40,0x00000007aab00000)
 Metaspace       used 6053K, capacity 6140K, committed 6400K, reserved 1056768K
  class space    used 679K, capacity 724K, committed 768K, reserved 1048576K
Event: 182.086 GC heap after
Heap after GC invocations=23 (full 8):
 PSYoungGen      total 219136K, used 189453K [0x00000007aab00000, 0x00000007c0000000, 0x00000007c0000000)
  eden space 102912K, 99% used [0x00000007aab00000,0x00000007b0f7f9a0,0x00000007b0f80000)
  from space 116224K, 74% used [0x00000007b0f80000,0x00000007b6403cc0,0x00000007b8100000)
  to   space 116224K, 0% used [0x00000007b8e80000,0x00000007b8e80000,0x00000007c0000000)
 ParOldGen       total 699392K, used 699151K [0x0000000780000000, 0x00000007aab00000, 0x00000007aab00000)
  object space 699392K, 99% used [0x0000000780000000,0x00000007aaac3d40,0x00000007aab00000)
 Metaspace       used 6053K, capacity 6140K, committed 6400K, reserved 1056768K
  class space    used 679K, capacity 724K, committed 768K, reserved 1048576K
}
Event: 182.086 GC heap before
{Heap before GC invocations=24 (full 9):
 PSYoungGen      total 219136K, used 189455K [0x00000007aab00000, 0x00000007c0000000, 0x00000007c0000000)
  eden space 102912K, 100% used [0x00000007aab00000,0x00000007b0f80000,0x00000007b0f80000)
  from space 116224K, 74% used [0x00000007b0f80000,0x00000007b6403cc0,0x00000007b8100000)
  to   space 116224K, 0% used [0x00000007b8e80000,0x00000007b8e80000,0x00000007c0000000)
 ParOldGen       total 699392K, used 699151K [0x0000000780000000, 0x00000007aab00000, 0x00000007aab00000)
  object space 699392K, 99% used [0x0000000780000000,0x00000007aaac3d40,0x00000007aab00000)
 Metaspace       used 6053K, capacity 6140K, committed 6400K, reserved 1056768K
  class space    used 679K, capacity 724K, committed 768K, reserved 1048576K

