# JRE version: Java(TM) SE Runtime Environment (8.0_141-b15) (build 1.8.0_141-b15)
# Java VM: Java HotSpot(TM) 64-Bit Server VM (25.141-b15 mixed mode bsd-amd64 compressed oops)
Heap:
 PSYoungGen      total 162304K, used 102656K [0x00000007aab00000, 0x00000007bcb80000, 0x00000007c0000000)
  eden space 46080K, 0% used [0x00000007aab00000,0x00000007aab00000,0x00000007ad800000)
  from space 116224K, 88% used [0x00000007ad800000,0x00000007b3c40000,0x00000007b4980000)
  to   space 116224K, 0% used [0x00000007b5a00000,0x00000007b5a00000,0x00000007bcb80000)
 ParOldGen       total 265728K, used 233297K [0x0000000780000000, 0x0000000790380000, 0x00000007aab00000)
  object space 265728K, 87% used [0x0000000780000000,0x000000078e3d4498,0x0000000790380000)
 Metaspace       used 6055K, capacity 6140K, committed 6400K, reserved 1056768K
  class space    used 679K, capacity 724K, committed 768K, reserved 1048576K
GC Heap History (10 events):
Event: 23.357 GC heap after
Heap after GC invocations=8 (full 3):
 PSYoungGen      total 62464K, used 0K [0x00000007aab00000, 0x00000007b5080000, 0x00000007c0000000)
  eden space 59904K, 0% used [0x00000007aab00000,0x00000007aab00000,0x00000007ae580000)
  from space 2560K, 0% used [0x00000007aeb00000,0x00000007aeb00000,0x00000007aed80000)
  to   space 54784K, 0% used [0x00000007b1b00000,0x00000007b1b00000,0x00000007b5080000)
 ParOldGen       total 265728K, used 137193K [0x0000000780000000, 0x0000000790380000, 0x00000007aab00000)
  object space 265728K, 51% used [0x0000000780000000,0x00000007885fa498,0x0000000790380000)
 Metaspace       used 6055K, capacity 6140K, committed 6400K, reserved 1056768K
  class space    used 679K, capacity 724K, committed 768K, reserved 1048576K
}
Event: 23.807 GC heap before
{Heap before GC invocations=9 (full 3):
 PSYoungGen      total 62464K, used 59904K [0x00000007aab00000, 0x00000007b5080000, 0x00000007c0000000)
  eden space 59904K, 100% used [0x00000007aab00000,0x00000007ae580000,0x00000007ae580000)
  from space 2560K, 0% used [0x00000007aeb00000,0x00000007aeb00000,0x00000007aed80000)
  to   space 54784K, 0% used [0x00000007b1b00000,0x00000007b1b00000,0x00000007b5080000)
 ParOldGen       total 265728K, used 137193K [0x0000000780000000, 0x0000000790380000, 0x00000007aab00000)
  object space 265728K, 51% used [0x0000000780000000,0x00000007885fa498,0x0000000790380000)
 Metaspace       used 6055K, capacity 6140K, committed 6400K, reserved 1056768K
  class space    used 679K, capacity 724K, committed 768K, reserved 1048576K
Event: 24.173 GC heap after
Heap after GC invocations=9 (full 3):
 PSYoungGen      total 100864K, used 54784K [0x00000007aab00000, 0x00000007b7a00000, 0x00000007c0000000)
  eden space 46080K, 0% used [0x00000007aab00000,0x00000007aab00000,0x00000007ad800000)
  from space 54784K, 100% used [0x00000007b1b00000,0x00000007b5080000,0x00000007b5080000)
  to   space 68608K, 0% used [0x00000007ad800000,0x00000007ad800000,0x00000007b1b00000)
 ParOldGen       total 265728K, used 142409K [0x0000000780000000, 0x0000000790380000, 0x00000007aab00000)
  object space 265728K, 53% used [0x0000000780000000,0x0000000788b12498,0x0000000790380000)
 Metaspace       used 6055K, capacity 6140K, committed 6400K, reserved 1056768K
  class space    used 679K, capacity 724K, committed 768K, reserved 1048576K
}
Event: 24.304 GC heap before
{Heap before GC invocations=10 (full 3):
 PSYoungGen      total 100864K, used 100864K [0x00000007aab00000, 0x00000007b7a00000, 0x00000007c0000000)
  eden space 46080K, 100% used [0x00000007aab00000,0x00000007ad800000,0x00000007ad800000)
  from space 54784K, 100% used [0x00000007b1b00000,0x00000007b5080000,0x00000007b5080000)
  to   space 68608K, 0% used [0x00000007ad800000,0x00000007ad800000,0x00000007b1b00000)
 ParOldGen       total 265728K, used 142409K [0x0000000780000000, 0x0000000790380000, 0x00000007aab00000)
  object space 265728K, 53% used [0x0000000780000000,0x0000000788b12498,0x0000000790380000)
 Metaspace       used 6055K, capacity 6140K, committed 6400K, reserved 1056768K
  class space    used 679K, capacity 724K, committed 768K, reserved 1048576K
Event: 25.256 GC heap after
Heap after GC invocations=10 (full 3):
 PSYoungGen      total 114688K, used 68608K [0x00000007aab00000, 0x00000007ba880000, 0x00000007c0000000)
  eden space 46080K, 0% used [0x00000007aab00000,0x00000007aab00000,0x00000007ad800000)
  from space 68608K, 100% used [0x00000007ad800000,0x00000007b1b00000,0x00000007b1b00000)
  to   space 97280K, 0% used [0x00000007b4980000,0x00000007b4980000,0x00000007ba880000)
 ParOldGen       total 265728K, used 174809K [0x0000000780000000, 0x0000000790380000, 0x00000007aab00000)
  object space 265728K, 65% used [0x0000000780000000,0x000000078aab6498,0x0000000790380000)
 Metaspace       used 6055K, capacity 6140K, committed 6400K, reserved 1056768K
  class space    used 679K, capacity 724K, committed 768K, reserved 1048576K
}
Event: 25.389 GC heap before
{Heap before GC invocations=11 (full 3):
 PSYoungGen      total 114688K, used 114688K [0x00000007aab00000, 0x00000007ba880000, 0x00000007c0000000)
  eden space 46080K, 100% used [0x00000007aab00000,0x00000007ad800000,0x00000007ad800000)
  from space 68608K, 100% used [0x00000007ad800000,0x00000007b1b00000,0x00000007b1b00000)
  to   space 97280K, 0% used [0x00000007b4980000,0x00000007b4980000,0x00000007ba880000)
 ParOldGen       total 265728K, used 174809K [0x0000000780000000, 0x0000000790380000, 0x00000007aab00000)
  object space 265728K, 65% used [0x0000000780000000,0x000000078aab6498,0x0000000790380000)
 Metaspace       used 6055K, capacity 6140K, committed 6400K, reserved 1056768K
  class space    used 679K, capacity 724K, committed 768K, reserved 1048576K
Event: 26.481 GC heap after
Heap after GC invocations=11 (full 3):
 PSYoungGen      total 143360K, used 97280K [0x00000007aab00000, 0x00000007bd300000, 0x00000007c0000000)
  eden space 46080K, 0% used [0x00000007aab00000,0x00000007aab00000,0x00000007ad800000)
  from space 97280K, 100% used [0x00000007b4980000,0x00000007ba880000,0x00000007ba880000)
  to   space 116224K, 0% used [0x00000007ad800000,0x00000007ad800000,0x00000007b4980000)
 ParOldGen       total 265728K, used 192329K [0x0000000780000000, 0x0000000790380000, 0x00000007aab00000)
  object space 265728K, 72% used [0x0000000780000000,0x000000078bbd2498,0x0000000790380000)
 Metaspace       used 6055K, capacity 6140K, committed 6400K, reserved 1056768K
  class space    used 679K, capacity 724K, committed 768K, reserved 1048576K
}
Event: 26.807 GC heap before
{Heap before GC invocations=12 (full 3):
 PSYoungGen      total 143360K, used 143360K [0x00000007aab00000, 0x00000007bd300000, 0x00000007c0000000)
  eden space 46080K, 100% used [0x00000007aab00000,0x00000007ad800000,0x00000007ad800000)
  from space 97280K, 100% used [0x00000007b4980000,0x00000007ba880000,0x00000007ba880000)
  to   space 116224K, 0% used [0x00000007ad800000,0x00000007ad800000,0x00000007b4980000)
 ParOldGen       total 265728K, used 192329K [0x0000000780000000, 0x0000000790380000, 0x00000007aab00000)
  object space 265728K, 72% used [0x0000000780000000,0x000000078bbd2498,0x0000000790380000)
 Metaspace       used 6055K, capacity 6140K, committed 6400K, reserved 1056768K
  class space    used 679K, capacity 724K, committed 768K, reserved 1048576K
Event: 28.493 GC heap after
Heap after GC invocations=12 (full 3):
 PSYoungGen      total 162304K, used 102656K [0x00000007aab00000, 0x00000007bcb80000, 0x00000007c0000000)
  eden space 46080K, 0% used [0x00000007aab00000,0x00000007aab00000,0x00000007ad800000)
  from space 116224K, 88% used [0x00000007ad800000,0x00000007b3c40000,0x00000007b4980000)
  to   space 116224K, 0% used [0x00000007b5a00000,0x00000007b5a00000,0x00000007bcb80000)
 ParOldGen       total 265728K, used 233297K [0x0000000780000000, 0x0000000790380000, 0x00000007aab00000)
  object space 265728K, 87% used [0x0000000780000000,0x000000078e3d4498,0x0000000790380000)
 Metaspace       used 6055K, capacity 6140K, committed 6400K, reserved 1056768K
  class space    used 679K, capacity 724K, committed 768K, reserved 1048576K
}
Event: 28.493 GC heap before
{Heap before GC invocations=13 (full 4):
 PSYoungGen      total 162304K, used 102656K [0x00000007aab00000, 0x00000007bcb80000, 0x00000007c0000000)
  eden space 46080K, 0% used [0x00000007aab00000,0x00000007aab00000,0x00000007ad800000)
  from space 116224K, 88% used [0x00000007ad800000,0x00000007b3c40000,0x00000007b4980000)
  to   space 116224K, 0% used [0x00000007b5a00000,0x00000007b5a00000,0x00000007bcb80000)
 ParOldGen       total 265728K, used 233297K [0x0000000780000000, 0x0000000790380000, 0x00000007aab00000)
  object space 265728K, 87% used [0x0000000780000000,0x000000078e3d4498,0x0000000790380000)
 Metaspace       used 6055K, capacity 6140K, committed 6400K, reserved 1056768K
  class space    used 679K, capacity 724K, committed 768K, reserved 1048576K

